<?xml version="1.0" encoding="UTF-8"?>
<!-- Generated by org.testng.reporters.JUnitXMLReporter -->
<testsuite ignored="0" hostname="DESKTOP-V2ONJQQ" failures="0" tests="2" name="Sauce Test - Chrome" time="0.29" errors="0" timestamp="2023-04-01T10:03:37 IST">
  <testcase classname="com.tests.SauceTest" name="checkInventoryItemTest" time="0.001">
    <skipped/>
  </testcase> <!-- checkInventoryItemTest -->
  <testcase classname="com.tests.SauceTest" name="addToCartButtonsTest" time="0.0">
    <skipped/>
  </testcase> <!-- addToCartButtonsTest -->
</testsuite> <!-- Sauce Test - Chrome -->
