<?xml version="1.0" encoding="UTF-8"?>
<!-- Generated by org.testng.reporters.JUnitXMLReporter -->
<testsuite ignored="0" hostname="DESKTOP-V2ONJQQ" failures="0" tests="2" name="BrowserStack Test - Chrome" time="0.355" errors="0" timestamp="2023-04-01T18:20:33 IST">
  <testcase classname="com.tests.BrowserStackTest" name="checkInventoryItemTest" time="0.001">
    <skipped/>
  </testcase> <!-- checkInventoryItemTest -->
  <testcase classname="com.tests.BrowserStackTest" name="addToCartButtonsTest" time="0.0">
    <skipped/>
  </testcase> <!-- addToCartButtonsTest -->
</testsuite> <!-- BrowserStack Test - Chrome -->
